Removed Pin From Net: NetName=3.3V Pin=C1-2
Removed Pin From Net: NetName=GND Pin=C2-1
Removed Pin From Net: NetName=BAT Pin=C2-2
Removed Pin From Net: NetName=GND Pin=C3-1
Removed Pin From Net: NetName=3.3V Pin=C3-2
Removed Pin From Net: NetName=3.3V Pin=C4-1
Removed Pin From Net: NetName=GND Pin=C4-2
Removed Pin From Net: NetName=COM3 Pin=LED1-2
Removed Pin From Net: NetName=COM2 Pin=LED2-2
Removed Pin From Net: NetName=COM1 Pin=LED3-2
Removed Pin From Net: NetName=NetLED4_1 Pin=LED4-1
Removed Pin From Net: NetName=COM2 Pin=LED5-2
Removed Pin From Net: NetName=COM4 Pin=LED7-2
Removed Pin From Net: NetName=NetLED8_1 Pin=LED8-1
Removed Pin From Net: NetName=COM2 Pin=LED9-2
Removed Pin From Net: NetName=COM4 Pin=LED11-2
Removed Pin From Net: NetName=NetLED12_1 Pin=LED12-1
Removed Pin From Net: NetName=LED12_A Pin=LED12-2
Removed Pin From Net: NetName=COM4 Pin=LED12-3
Removed Pin From Net: NetName=GND Pin=LED12-4
Removed Pin From Net: NetName=NetLED13_1 Pin=LED13-1
Removed Pin From Net: NetName=ICE_DAT Pin=LED13-2
Removed Pin From Net: NetName=NetLED14_1 Pin=LED14-1
Removed Pin From Net: NetName=LED3 Pin=LED14-2
Removed Pin From Net: NetName=NetLED15_1 Pin=LED15-1
Removed Pin From Net: NetName=LED2 Pin=LED15-2
Removed Pin From Net: NetName=LED5 Pin=LED16-1
Removed Pin From Net: NetName=ICE_DAT Pin=LED17-1
Removed Pin From Net: NetName=NetLED13_1 Pin=LED17-2
Removed Pin From Net: NetName=LED3 Pin=LED18-1
Removed Pin From Net: NetName=NetLED14_1 Pin=LED18-2
Removed Pin From Net: NetName=LED2 Pin=LED19-1
Removed Pin From Net: NetName=NetLED15_1 Pin=LED19-2
Removed Pin From Net: NetName=P03/I2C_SDA Pin=R2-1
Removed Pin From Net: NetName=ICE_DAT Pin=R5-2
Removed Pin From Net: NetName=NetLED13_1 Pin=R6-1
Removed Pin From Net: NetName=LED3 Pin=R6-2
Removed Pin From Net: NetName=NetLED14_1 Pin=R7-1
Removed Pin From Net: NetName=LED2 Pin=R7-2
Removed Pin From Net: NetName=NetLED15_1 Pin=R8-1
Removed Pin From Net: NetName=LED1 Pin=R8-2
Removed Pin From Net: NetName=P02/I2C_SCL Pin=R17-1
Removed Pin From Net: NetName=NetLED12_1 Pin=R22-1
Removed Pin From Net: NetName=GND Pin=U1-1
Removed Pin From Net: NetName=3.3V Pin=U1-2
Removed Pin From Net: NetName=BAT Pin=U1-3
Removed Pin From Net: NetName=3.3V Pin=U2-9
Removed Pin From Net: NetName=GET1 Pin=U2-10
Removed Pin From Net: NetName=COM2 Pin=U2-14
Removed Pin From Net: NetName=COM4 Pin=U2-16
Removed Pin From Net: NetName=LED5 Pin=U2-20
Removed Pin From Net: NetName=3.3V Pin=XTAL1-1
Removed Pin From Net: NetName=GND Pin=XTAL1-2
Removed Pin From Net: NetName=3.3V Pin=XTAL1-4
Removed Member From Class: ClassName=LED_PCB Member=C2
Removed Member From Class: ClassName=LED_PCB Member=C3
Removed Member From Class: ClassName=LED_PCB Member=C4
Removed Member From Class: ClassName=LED_PCB Member=LED13
Removed Member From Class: ClassName=LED_PCB Member=LED14
Removed Member From Class: ClassName=LED_PCB Member=LED15
Removed Member From Class: ClassName=LED_PCB Member=LED16
Removed Member From Class: ClassName=LED_PCB Member=LED17
Removed Member From Class: ClassName=LED_PCB Member=LED18
Removed Member From Class: ClassName=LED_PCB Member=LED19
Removed Member From Class: ClassName=LED_PCB Member=R2
Removed Member From Class: ClassName=LED_PCB Member=R5
Removed Member From Class: ClassName=LED_PCB Member=R6
Removed Member From Class: ClassName=LED_PCB Member=R7
Removed Member From Class: ClassName=LED_PCB Member=R8
Removed Member From Class: ClassName=LED_PCB Member=R17
Removed Member From Class: ClassName=LED_PCB Member=U1
Removed Member From Class: ClassName=LED_PCB Member=XTAL1
Change Component DesignItemId : Designator=C1 Old DesignItemId= New DesignItemId=C
Change Component DesignItemId : Designator=RE1 Old DesignItemId= New DesignItemId=KEY_M
Change Component DesignItemId : Designator=R1 Old DesignItemId= New DesignItemId=R
Change Component DesignItemId : Designator=R3 Old DesignItemId= New DesignItemId=R
Change Component DesignItemId : Designator=R4 Old DesignItemId= New DesignItemId=R
Change Component DesignItemId : Designator=R22 Old DesignItemId= New DesignItemId=R
Change Component DesignItemId : Designator=3V3 Old DesignItemId= New DesignItemId=≤‚ ‘µ„
Change Component DesignItemId : Designator=CLK Old DesignItemId= New DesignItemId=≤‚ ‘µ„
Change Component DesignItemId : Designator=DAT Old DesignItemId= New DesignItemId=≤‚ ‘µ„
Change Component DesignItemId : Designator=GND Old DesignItemId= New DesignItemId=≤‚ ‘µ„
Change Component DesignItemId : Designator=RESET Old DesignItemId= New DesignItemId=≤‚ ‘µ„
Change Component DesignItemId : Designator=RXD Old DesignItemId= New DesignItemId=≤‚ ‘µ„
Change Component DesignItemId : Designator=TXD Old DesignItemId= New DesignItemId=≤‚ ‘µ„
Change Component DesignItemId : Designator=U2 Old DesignItemId=N76 New DesignItemId=N76E003
Change Component DesignItemId : Designator=LED12 Old DesignItemId=R_G New DesignItemId=R_G_LED
Change Component Description : Designator=P1 Old Description=Header, 3-Pin, Dual r New Description=Header, 3-Pin, Dual row
Added Component: Designator=C6(0402_C)
Added Component: Designator=C18(0402_C)
Added Component: Designator=C19(0402_C)
Added Component: Designator=P5(HDR1X2)
Added Component: Designator=R13(0402_R)
Added Component: Designator=R14(0402_R)
Added Component: Designator=U3(LGA-12-2*2*1)
Added Pin To Net: NetName=BAT Pin=C1-2
Added Pin To Net: NetName=GND Pin=C6-1
Added Pin To Net: NetName=BAT Pin=C6-2
Added Pin To Net: NetName=BAT Pin=C18-1
Added Pin To Net: NetName=GND Pin=C18-2
Added Pin To Net: NetName=BAT Pin=C19-1
Added Pin To Net: NetName=GND Pin=C19-2
Added Pin To Net: NetName=NetLED15_1 Pin=LED1-2
Added Pin To Net: NetName=COM3 Pin=LED2-2
Added Pin To Net: NetName=LED12_A Pin=LED4-1
Added Pin To Net: NetName=NetLED15_1 Pin=LED5-2
Added Pin To Net: NetName=NetLED14_1 Pin=LED7-2
Added Pin To Net: NetName=NetLED4_1 Pin=LED8-1
Added Pin To Net: NetName=NetLED15_1 Pin=LED9-2
Added Pin To Net: NetName=NetLED14_1 Pin=LED11-2
Added Pin To Net: NetName=NetLED8_1 Pin=LED12-1
Added Pin To Net: NetName=COM2 Pin=LED12-2
Added Pin To Net: NetName=GND Pin=LED12-3
Added Pin To Net: NetName=COM1 Pin=LED12-4
Added Pin To Net: NetName=GND Pin=P5-1
Added Pin To Net: NetName=BAT Pin=P5-2
Added Pin To Net: NetName=NetLED12_1 Pin=R13-1
Added Pin To Net: NetName=BAT Pin=R13-2
Added Pin To Net: NetName=NetLED13_1 Pin=R14-1
Added Pin To Net: NetName=BAT Pin=R14-2
Added Pin To Net: NetName=COM2 Pin=R22-1
Added Pin To Net: NetName=COM4 Pin=U2-5
Added Pin To Net: NetName=BAT Pin=U2-9
Added Pin To Net: NetName=LED5 Pin=U2-10
Added Pin To Net: NetName=NetLED12_1 Pin=U2-11
Added Pin To Net: NetName=NetLED13_1 Pin=U2-12
Added Pin To Net: NetName=NetLED14_1 Pin=U2-14
Added Pin To Net: NetName=NetLED15_1 Pin=U2-16
Added Pin To Net: NetName=GET1 Pin=U2-20
Added Pin To Net: NetName=GND Pin=U3-1
Added Pin To Net: NetName=NetLED12_1 Pin=U3-2
Added Pin To Net: NetName=BAT Pin=U3-3
Added Pin To Net: NetName=GND Pin=U3-4
Added Pin To Net: NetName=LED3 Pin=U3-5
Added Pin To Net: NetName=COM4 Pin=U3-6
Added Pin To Net: NetName=BAT Pin=U3-7
Added Pin To Net: NetName=GND Pin=U3-8
Added Pin To Net: NetName=GND Pin=U3-9
Added Pin To Net: NetName=BAT Pin=U3-11
Added Pin To Net: NetName=NetLED13_1 Pin=U3-12
Change Net Name : Old Net Name=COM1 New Net Name=COM4
Change Net Name : Old Net Name=COM2 New Net Name=NetLED12_2
Change Net Name : Old Net Name=COM3 New Net Name=COM2
Change Net Name : Old Net Name=COM4 New Net Name=INT2
Change Net Name : Old Net Name=LED3 New Net Name=INT1
Change Net Name : Old Net Name=LED12_A New Net Name=NetLED1_1
Change Net Name : Old Net Name=NetLED4_1 New Net Name=NetLED5_1
Change Net Name : Old Net Name=NetLED8_1 New Net Name=LED12_A
Change Net Name : Old Net Name=NetLED12_1 New Net Name=I2C_SDA
Change Net Name : Old Net Name=NetLED13_1 New Net Name=I2C_SCL
Change Net Name : Old Net Name=NetLED14_1 New Net Name=COM3
Change Net Name : Old Net Name=NetLED15_1 New Net Name=COM1
Change Class Name : Old Net Name=LED_PCB New Net Name=LED_12T
Added Member To Class: ClassName=LED_12T Member=Component C6 2.2uF
Added Member To Class: ClassName=LED_12T Member=Component C18 104
Added Member To Class: ClassName=LED_12T Member=Component C19 104
Added Member To Class: ClassName=LED_12T Member=Component P5 BAT
Added Member To Class: ClassName=LED_12T Member=Component R13 4.7K
Added Member To Class: ClassName=LED_12T Member=Component R14 4.7K
Added Member To Class: ClassName=LED_12T Member=Component U3 SC7A21
Added Room: Name=LED_12T
