Removed Pin From Net: NetName=GND Pin=P1-1
Removed Pin From Net: NetName=BAT Pin=P1-4
Change Component DesignItemId : Designator=R1 Old DesignItemId= New DesignItemId=R
Change Component DesignItemId : Designator=R2 Old DesignItemId= New DesignItemId=R
Change Component DesignItemId : Designator=R3 Old DesignItemId= New DesignItemId=R
Change Component DesignItemId : Designator=R4 Old DesignItemId= New DesignItemId=R
Change Component DesignItemId : Designator=R5 Old DesignItemId= New DesignItemId=R
Change Component DesignItemId : Designator=R6 Old DesignItemId= New DesignItemId=R
Change Component DesignItemId : Designator=R7 Old DesignItemId= New DesignItemId=R
Change Component DesignItemId : Designator=R8 Old DesignItemId= New DesignItemId=R
Change Component DesignItemId : Designator=R9 Old DesignItemId= New DesignItemId=R
Change Component DesignItemId : Designator=R10 Old DesignItemId= New DesignItemId=R
Change Component DesignItemId : Designator=XTAL1 Old DesignItemId= New DesignItemId=¾§Õñ
Change Component DesignItemId : Designator=U1 Old DesignItemId=BK3 New DesignItemId=BK3431Q
Change Component DesignItemId : Designator=L3 Old DesignItemId=INDUCT New DesignItemId=INDUCTOR
Change Component DesignItemId : Designator=LED1 Old DesignItemId=L New DesignItemId=LED
Change Component DesignItemId : Designator=LED2 Old DesignItemId=L New DesignItemId=LED
Change Component DesignItemId : Designator=U3 Old DesignItemId=SC New DesignItemId=SC7A21
Change Component DesignItemId : Designator=U2 Old DesignItemId=TPS6273 New DesignItemId=TPS62730
Change Component Footprint: Designator=XTAL1 Old Footprint=¾§Õñ3.2*2.5 New Footprint=¾§Õñ2*2.6
Change Component Description : Designator=D1 Old Description=1 Amp General Purpose Rectifi New Description=1 Amp General Purpose Rectifier
Change Component Description : Designator=D2 Old Description=1 Amp General Purpose Rectifi New Description=1 Amp General Purpose Rectifier
Change Component Description : Designator=C2 Old Description=Capac New Description=Capacitor
Change Component Description : Designator=C4 Old Description=Capac New Description=Capacitor
Change Component Description : Designator=C1 Old Description=Capacit New Description=Capacitor
Change Component Description : Designator=C3 Old Description=Capacit New Description=Capacitor
Change Component Description : Designator=C5 Old Description=Capacit New Description=Capacitor
Change Component Description : Designator=C6 Old Description=Capacit New Description=Capacitor
Change Component Description : Designator=C7 Old Description=Capacit New Description=Capacitor
Change Component Description : Designator=C8 Old Description=Capacit New Description=Capacitor
Change Component Description : Designator=C9 Old Description=Capacit New Description=Capacitor
Change Component Description : Designator=C10 Old Description=Capacit New Description=Capacitor
Change Component Description : Designator=C11 Old Description=Capacit New Description=Capacitor
Change Component Description : Designator=C12 Old Description=Capacit New Description=Capacitor
Change Component Description : Designator=C13 Old Description=Capacit New Description=Capacitor
Change Component Description : Designator=C14 Old Description=Capacit New Description=Capacitor
Change Component Description : Designator=C15 Old Description=Capacit New Description=Capacitor
Change Component Description : Designator=C16 Old Description=Capacit New Description=Capacitor
Change Component Description : Designator=C17 Old Description=Capacit New Description=Capacitor
Change Component Description : Designator=C18 Old Description=Capacit New Description=Capacitor
Change Component Description : Designator=C19 Old Description=Capacit New Description=Capacitor
Change Component Description : Designator=Y1 Old Description=Crystal Osc New Description=Crystal Oscillator
Added Component: Designator=R9(0402_R)
Added Component: Designator=R9(0402_R)
Added Pin To Net: NetName=BAT Pin=P1-1
Added Pin To Net: NetName=GND Pin=P1-4
Added Pin To Net: NetName=GND Pin=R9-1
Added Pin To Net: NetName=USB Pin=R9-1
Added Pin To Net: NetName=NetR9_2 Pin=R9-2
Added Net: Name=NetR9_2
Added Pin To Net: NetName=TP4056_VCC Pin=R9-2
Added Net: Name=TP4056_VCC
