Added Component: Designator=U2(R-PUSON-N6)
Added Component: Designator=U3(LGA-16)
Added Pin To Net: NetName=NetL1_2 Pin=U2-2
Added Pin To Net: NetName=BAT Pin=U2-3
Added Pin To Net: NetName=GND Pin=U2-4
Added Pin To Net: NetName=TPS_ON Pin=U2-5
Added Pin To Net: NetName=VCCBAT Pin=U2-6
Added Pin To Net: NetName=VCCBATT Pin=U3-1
Added Pin To Net: NetName=P02/I2C_SCL Pin=U3-4
Added Pin To Net: NetName=GND Pin=U3-5
Added Pin To Net: NetName=P03/I2C_SDA Pin=U3-6
Added Pin To Net: NetName=GND Pin=U3-7
Added Pin To Net: NetName=VCCBATT Pin=U3-8
Added Pin To Net: NetName=INT2 Pin=U3-9
Added Pin To Net: NetName=GND Pin=U3-10
Added Pin To Net: NetName=INT1 Pin=U3-11
Added Pin To Net: NetName=GND Pin=U3-12
Added Pin To Net: NetName=VCCBATT Pin=U3-14
Added Pin To Net: NetName=VCCBATT Pin=U3-15
Added Pin To Net: NetName=GND Pin=U3-16
Added Member To Class: ClassName=WATSH Member=Component U2 TPS62730
Added Member To Class: ClassName=WATSH Member=Component U3 LIS3DSH
