Removed Pin From Net: NetName=GND Pin=C19-1
Removed Pin From Net: NetName=VCCBATT Pin=C19-2
Removed Pin From Net: NetName=VCCBATT Pin=U3-1
Removed Pin From Net: NetName=P02/I2C_SCL Pin=U3-4
Removed Pin From Net: NetName=GND Pin=U3-5
Removed Pin From Net: NetName=P03/I2C_SDA Pin=U3-6
Removed Pin From Net: NetName=GND Pin=U3-7
Removed Pin From Net: NetName=VCCBATT Pin=U3-8
Removed Pin From Net: NetName=INT2 Pin=U3-9
Removed Pin From Net: NetName=GND Pin=U3-10
Removed Pin From Net: NetName=INT1 Pin=U3-11
Removed Pin From Net: NetName=GND Pin=U3-12
Removed Pin From Net: NetName=VCCBATT Pin=U3-14
Removed Pin From Net: NetName=VCCBATT Pin=U3-15
Removed Pin From Net: NetName=GND Pin=U3-16
Change Component DesignItemId : Designator=U3 Old DesignItemId=LIS3DSH New DesignItemId=SC7A21
Change Component Footprint: Designator=U3 Old Footprint=LGA-16 New Footprint=LGA-12-2*2*1
Change Component Comment : Designator=R1 Old Comment=10K New Comment=4.7K
Change Component Comment : Designator=R2 Old Comment=10K New Comment=4.7K
Change Component Comment : Designator=U3 Old Comment=LIS3DSH New Comment=SC7A21
Added Pin To Net: NetName=VCCBATT Pin=C19-1
Added Pin To Net: NetName=GND Pin=C19-2
Added Pin To Net: NetName=GND Pin=U3-1
Added Pin To Net: NetName=P03/I2C_SDA Pin=U3-2
Added Pin To Net: NetName=VCCBATT Pin=U3-3
Added Pin To Net: NetName=GND Pin=U3-4
Added Pin To Net: NetName=INT1 Pin=U3-5
Added Pin To Net: NetName=INT2 Pin=U3-6
Added Pin To Net: NetName=VCCBATT Pin=U3-7
Added Pin To Net: NetName=GND Pin=U3-8
Added Pin To Net: NetName=GND Pin=U3-9
Added Pin To Net: NetName=VCCBATT Pin=U3-11
Added Pin To Net: NetName=P02/I2C_SCL Pin=U3-12
Change Class Name : Old Net Name=WATSH New Net Name=WATSH2
Added Room: Name=WATSH2
